<?xml version="1.0" encoding="UTF-8"?>
<testsuite xmlns:xsi="http://www.w3.org/2001/XMLSchema-instance" xsi:schemaLocation="https://maven.apache.org/surefire/maven-surefire-plugin/xsd/surefire-test-report.xsd" name="com.govtech.web.runner.BGPGovTechRunner" time="388.735" tests="7" errors="0" skipped="0" failures="0">
  <properties>
[...]
</properties>
  <testcase name="Default behavior when no answer is selected for question &apos;Does the applicant meet the eligibility criteria’" classname="Create New Grant and check whether the details saved are available in Draft" time="23.376"/>
  <testcase name="When answer &apos;Yes&apos; is selected for question &apos;Does the applicant meet the eligibility criteria’" classname="Create New Grant and check whether the details saved are available in Draft" time="23.231"/>
  <testcase name="When answer &apos;No&apos; is selected for question &apos;Does the applicant meet the eligibility criteria’" classname="Create New Grant and check whether the details saved are available in Draft" time="21.886"/>
  <testcase name="When click on the link of Smart Advisor, system shall launch the website on the same windows tab." classname="Create New Grant and check whether the details saved are available in Draft" time="47.411"/>
  <testcase name="When answer is &apos;Yes&apos; then click on the ‘Save’ button, should save the form as draft." classname="Create New Grant and check whether the details saved are available in Draft" time="44.27"/>
  <testcase name="Saved Draft form should be available in home page and click on it system should retrieve the form for editing." classname="Create New Grant and check whether the details saved are available in Draft" time="69.94"/>
  <testcase name="Saved Draft form should be available in home page and click on it system should retrieve the form for editing." classname="Create New Grant and check whether the details saved are available in Draft" time="150.704"/>
</testsuite>